
**** Build of configuration Nios II for project CS4405Project ****

make all 
Info: Building C:/Users/user/Desktop/CS4405Project/Workspace/CS4405Project_bsp/
make --no-print-directory -C C:/Users/user/Desktop/CS4405Project/Workspace/CS4405Project_bsp/
[BSP build complete]
Info: Compiling os.c to obj/default/os.o
nios2-elf-gcc -xc -MP -MMD -c -IC:/Users/user/Desktop/CS4405Project/Workspace/CS4405Project_bsp//HAL/inc -IC:/Users/user/Desktop/CS4405Project/Workspace/CS4405Project_bsp/ -IC:/Users/user/Desktop/CS4405Project/Workspace/CS4405Project_bsp//drivers/inc  -DSYSTEM_BUS_WIDTH=32 -pipe -D__hal__ -DALT_NO_INSTRUCTION_EMULATION -DALT_SINGLE_THREADED    -O0 -g -Wall   -EL -mhw-div -mcustom-fpu-cfg=60-2 -mhw-mul -mno-hw-mulx  -o obj/default/os.o os.c
In file included from os.c:4:
Info: Linking CS4405Project.elf
os_fifo.h: In function 'OS_InitFiFo':
nios2-elf-g++  -T'C:/Users/user/Desktop/CS4405Project/Workspace/CS4405Project_bsp//linker.x' -msys-crt0='C:/Users/user/Desktop/CS4405Project/Workspace/CS4405Project_bsp//obj/HAL/src/crt0.o' -msys-lib=hal_bsp -LC:/Users/user/Desktop/CS4405Project/Workspace/CS4405Project_bsp/  -mcustom-fpu-cfg=60-2  -Wl,-Map=CS4405Project.map   -O0 -g -Wall   -EL -mhw-div -mcustom-fpu-cfg=60-2 -mhw-mul -mno-hw-mulx  -o CS4405Project.elf obj/default/main.o obj/default/os.o -lm 
os_fifo.h:15: warning: control reaches end of non-void function
nios2-elf-insert CS4405Project.elf --thread_model hal --cpu_name CPU --qsys true --simulation_enabled false --id 0 --sidp 0x10002020 --timestamp 1371501020 --stderr_dev JTAG_UART --stdin_dev JTAG_UART --stdout_dev JTAG_UART --sopc_system_name nios_system --quartus_project_dir "c:/opt/fcs/software/altera/13.0sp1/University_Program/NiosII_Computer_Systems/DE2/DE2_Media_Computer/vhdl" --jdi C:/opt/fcs/software/altera/13.0sp1/University_Program/NiosII_Computer_Systems/DE2/DE2_Media_Computer/vhdl/DE2_Media_Computer.jdi --sopcinfo C:/opt/fcs/software/altera/13.0sp1/University_Program/NiosII_Computer_Systems/DE2/DE2_Media_Computer/vhdl/nios_system.sopcinfo
os_fifo.h: In function 'OS_Read':
os_fifo.h:21: warning: control reaches end of non-void function
In file included from os.c:6:
os_memory.h: In function 'OS_Malloc':
os_memory.h:20: warning: control reaches end of non-void function
os_memory.h: In function 'OS_Free':
os_memory.h:23: warning: control reaches end of non-void function
Info: (CS4405Project.elf) 25 KBytes program size (code + initialized data).
Info:                     8159 KBytes free for stack + heap.
Info: Creating CS4405Project.objdump
nios2-elf-objdump --disassemble --syms --all-header --source CS4405Project.elf >CS4405Project.objdump
[CS4405Project build complete]

**** Build Finished ****
